
############################ annie - 07/19/21 13:34:01 EST ############################


############################ annie - 07/19/21 13:36:01 EST ############################


############################ annie - 07/19/21 13:38:01 EST ############################


############################ annie - 07/19/21 13:40:01 EST ############################


############################ annie - 07/19/21 13:42:01 EST ############################


############################ annie - 07/19/21 13:44:01 EST ############################


############################ annie - 07/19/21 13:46:01 EST ############################


############################ annie - 07/19/21 13:48:01 EST ############################


killed

############################ annie - 07/19/21 13:50:01 EST ############################

17131
killed

############################ annie - 07/19/21 13:52:01 EST ############################

17330
killed

############################ annie - 07/19/21 13:54:01 EST ############################

17533
killed

############################ annie - 07/19/21 13:56:01 EST ############################

17921
killed

############################ annie - 07/19/21 13:58:01 EST ############################

18035
killed

############################ annie - 07/19/21 14:00:01 EST ############################

18240
killed

############################ annie - 07/19/21 14:02:01 EST ############################

18364
killed

############################ annie - 07/19/21 14:04:01 EST ############################

18468
killed

############################ annie - 07/19/21 14:06:01 EST ############################

18640
killed

############################ annie - 07/19/21 14:08:01 EST ############################

18759
killed

############################ annie - 07/19/21 14:10:01 EST ############################

18870
killed

############################ annie - 07/19/21 14:12:01 EST ############################

18975
killed

############################ annie - 07/19/21 14:14:01 EST ############################

19079
killed

############################ annie - 07/19/21 14:16:01 EST ############################

19271
killed

############################ annie - 07/19/21 14:18:01 EST ############################

19401
killed

############################ annie - 07/19/21 14:20:01 EST ############################

19608
killed

############################ annie - 07/19/21 14:22:01 EST ############################

20121
killed

############################ annie - 07/19/21 14:24:01 EST ############################

20229
killed

############################ annie - 07/19/21 14:26:01 EST ############################

20333
killed

############################ annie - 07/19/21 14:28:01 EST ############################

20439
killed

############################ annie - 07/19/21 14:30:01 EST ############################

20545
killed

############################ annie - 07/19/21 14:32:01 EST ############################

20648
killed

############################ annie - 07/19/21 14:34:01 EST ############################

20757
killed

############################ annie - 07/19/21 14:36:01 EST ############################

20859
killed

############################ annie - 07/19/21 14:38:01 EST ############################

20967
killed

############################ annie - 07/19/21 14:40:01 EST ############################

21340
killed

############################ annie - 07/19/21 14:42:01 EST ############################

21774
killed

############################ annie - 07/19/21 14:44:01 EST ############################

21877
killed

############################ annie - 07/19/21 14:46:01 EST ############################

21983
killed

############################ annie - 07/19/21 14:48:01 EST ############################

22090
killed

############################ annie - 07/19/21 14:50:01 EST ############################

22288
killed

############################ annie - 07/19/21 14:52:01 EST ############################

22394
killed

############################ annie - 07/19/21 14:54:01 EST ############################

22498
killed

############################ annie - 07/19/21 14:56:01 EST ############################

22604
killed

############################ annie - 07/19/21 14:58:01 EST ############################

22713
killed

############################ annie - 07/19/21 15:00:01 EST ############################

22829
killed

############################ annie - 07/19/21 15:02:01 EST ############################

22933
killed

############################ annie - 07/19/21 15:04:01 EST ############################

23037
killed

############################ annie - 07/19/21 15:06:01 EST ############################

23147
killed

############################ annie - 07/19/21 15:08:01 EST ############################

23260
killed

############################ annie - 07/19/21 15:10:01 EST ############################

23366
killed

############################ annie - 07/19/21 15:12:01 EST ############################

23470
killed

############################ annie - 07/19/21 15:14:01 EST ############################

23808
killed

############################ annie - 07/19/21 15:16:01 EST ############################

23913
killed

############################ annie - 07/19/21 15:18:01 EST ############################

24027
killed

############################ annie - 07/19/21 15:20:01 EST ############################

24131
killed

############################ annie - 07/19/21 15:22:01 EST ############################

24244
killed

############################ annie - 07/19/21 15:24:01 EST ############################

24351
killed

############################ annie - 07/19/21 15:26:01 EST ############################

24552
killed

############################ annie - 07/19/21 15:28:01 EST ############################

root      1274  0.0  0.1  72296  6520 ?        Ss   00:16   0:00 /usr/sbin/sshd -D
scc      18774  0.0  0.0   4524  1324 ?        Ss   14:08   0:00 /usr/lib/autossh/autossh -o ServerAliveInterval 30 -o ServerAliveCountMax 100    -M 61000 -N -R 60035:localhost:22 vahid@128.227.150.22
scc      24100  0.0  0.1  48124  6020 ?        S    15:19   0:00 /usr/bin/ssh -L 61000:127.0.0.1:61000 -R 61000:127.0.0.1:61001 -o ServerAliveInterval 30 -o ServerAliveCountMax 100 -N -R 60035:localhost:22 vahid@128.227.150.22
root     24384  0.0  0.1 110072  7320 ?        Ss   15:24   0:00 sshd: scc [priv]
scc      24461  0.0  0.0 110072  3576 ?        S    15:24   0:00 sshd: scc@pts/0
scc      24648  0.0  0.0   4624   816 ?        Ss   15:28   0:00 /bin/sh -c /home/scc/applications/reverse-ssh2.sh
scc      24652  0.0  0.0  12880  3128 ?        S    15:28   0:00 /bin/bash /home/scc/applications/reverse-ssh2.sh
scc      24659  0.0  0.1  48124  5856 ?        S    15:28   0:00 /usr/bin/ssh -R 60037:localhost:22 vahid@128.227.150.22
scc      24661  0.0  0.0  14424  1008 ?        S    15:28   0:00 grep ssh
scc      24662  0.0  0.0   7472   748 ?        S    15:28   0:00 tee -a /data/annie-logs/autossh2.log
24659

############################ annie - 07/19/21 15:28:51 EST ############################

root      1274  0.0  0.1  72296  6520 ?        Ss   00:16   0:00 /usr/sbin/sshd -D
scc      18774  0.0  0.0   4524  1324 ?        Ss   14:08   0:00 /usr/lib/autossh/autossh -o ServerAliveInterval 30 -o ServerAliveCountMax 100    -M 61000 -N -R 60035:localhost:22 vahid@128.227.150.22
scc      24100  0.0  0.1  48124  6020 ?        S    15:19   0:00 /usr/bin/ssh -L 61000:127.0.0.1:61000 -R 61000:127.0.0.1:61001 -o ServerAliveInterval 30 -o ServerAliveCountMax 100 -N -R 60035:localhost:22 vahid@128.227.150.22
scc      24648  0.0  0.0   4624   816 ?        Ss   15:28   0:00 /bin/sh -c /home/scc/applications/reverse-ssh2.sh
scc      24652  0.0  0.0  12880  3128 ?        S    15:28   0:00 /bin/bash /home/scc/applications/reverse-ssh2.sh
root     24685  0.0  0.1 110072  7348 ?        Ss   15:28   0:00 sshd: scc [priv]
scc      24765  0.0  0.0 110072  3532 ?        S    15:28   0:00 sshd: scc@pts/0
scc      24786  0.0  0.0  12880  3184 pts/0    S+   15:28   0:00 /bin/bash applications/reverse-ssh2.sh
scc      24790  0.0  0.1  48124  5852 pts/0    S+   15:28   0:00 /usr/bin/ssh -R 60037:localhost:22 vahid@128.227.150.22
scc      24792  0.0  0.0  14424  1036 pts/0    S+   15:28   0:00 grep ssh
scc      24793  0.0  0.0   7472   796 pts/0    S+   15:28   0:00 tee -a /data/annie-logs/autossh2.log
24790
killed

############################ annie - 07/19/21 15:30:01 EST ############################

root      1274  0.0  0.1  72296  6520 ?        Ss   00:16   0:00 /usr/sbin/sshd -D
scc      18774  0.0  0.0   4524  1324 ?        Ss   14:08   0:00 /usr/lib/autossh/autossh -o ServerAliveInterval 30 -o ServerAliveCountMax 100    -M 61000 -N -R 60035:localhost:22 vahid@128.227.150.22
scc      24834  0.2  0.1  48124  6016 ?        S    15:29   0:00 /usr/bin/ssh -L 61000:127.0.0.1:61000 -R 61000:127.0.0.1:61001 -o ServerAliveInterval 30 -o ServerAliveCountMax 100 -N -R 60035:localhost:22 vahid@128.227.150.22
root     24841  0.0  0.1 110072  7312 ?        Ss   15:29   0:00 sshd: scc [priv]
scc      24921  0.0  0.0 110072  3708 ?        S    15:29   0:00 sshd: scc@pts/0
scc      24958  0.0  0.0   4624   788 ?        Ss   15:30   0:00 /bin/sh -c /home/scc/applications/reverse-ssh2.sh
scc      24960  0.0  0.0  12880  3284 ?        S    15:30   0:00 /bin/bash /home/scc/applications/reverse-ssh2.sh
scc      24967  0.0  0.1  48124  5888 ?        S    15:30   0:00 /usr/bin/ssh -R 60037:localhost:22 vahid@128.227.150.22
scc      24970  0.0  0.0  14424  1012 ?        S    15:30   0:00 grep ssh
scc      24971  0.0  0.0   7472   752 ?        S    15:30   0:00 tee -a /data/annie-logs/autossh2.log
24967

############################ annie - 07/19/21 15:30:18 EST ############################

root      1274  0.0  0.1  72296  6520 ?        Ss   00:16   0:00 /usr/sbin/sshd -D
scc      18774  0.0  0.0   4524  1324 ?        Ss   14:08   0:00 /usr/lib/autossh/autossh -o ServerAliveInterval 30 -o ServerAliveCountMax 100    -M 61000 -N -R 60035:localhost:22 vahid@128.227.150.22
scc      24834  0.1  0.1  48124  6016 ?        S    15:29   0:00 /usr/bin/ssh -L 61000:127.0.0.1:61000 -R 61000:127.0.0.1:61001 -o ServerAliveInterval 30 -o ServerAliveCountMax 100 -N -R 60035:localhost:22 vahid@128.227.150.22
root     24841  0.0  0.1 110072  7312 ?        Ss   15:29   0:00 sshd: scc [priv]
scc      24921  0.0  0.0 110072  3708 ?        S    15:29   0:00 sshd: scc@pts/0
scc      24958  0.0  0.0   4624   788 ?        Ss   15:30   0:00 /bin/sh -c /home/scc/applications/reverse-ssh2.sh
scc      24960  0.0  0.0  12880  3284 ?        S    15:30   0:00 /bin/bash /home/scc/applications/reverse-ssh2.sh
scc      24992  0.0  0.0  12880  3292 pts/0    S+   15:30   0:00 /bin/bash applications/reverse-ssh2.sh
scc      24996  0.0  0.1  48124  5808 pts/0    S+   15:30   0:00 /usr/bin/ssh -R 60037:localhost:22 vahid@128.227.150.22
scc      24998  0.0  0.0  14424  1032 pts/0    S+   15:30   0:00 grep ssh
scc      24999  0.0  0.0   7472   820 pts/0    S+   15:30   0:00 tee -a /data/annie-logs/autossh2.log
24996
killed
killed

############################ annie - 07/19/21 15:42:25 EST ############################

root      1274  0.0  0.1  72296  6520 ?        Ss   00:16   0:00 /usr/sbin/sshd -D
scc      18774  0.0  0.0   4524  1324 ?        Ss   14:08   0:00 /usr/lib/autossh/autossh -o ServerAliveInterval 30 -o ServerAliveCountMax 100    -M 61000 -N -R 60035:localhost:22 vahid@128.227.150.22
scc      25420  0.0  0.1  48124  6024 ?        S    15:39   0:00 /usr/bin/ssh -L 61000:127.0.0.1:61000 -R 61000:127.0.0.1:61001 -o ServerAliveInterval 30 -o ServerAliveCountMax 100 -N -R 60035:localhost:22 vahid@128.227.150.22
root     25644  0.0  0.1 110072  7340 ?        Ss   15:41   0:00 sshd: scc [priv]
scc      25721  0.0  0.0 110072  3576 ?        S    15:41   0:00 sshd: scc@pts/0
scc      25783  0.0  0.0  12880  3336 pts/0    S+   15:42   0:00 /bin/bash applications/reverse-ssh2.sh
scc      25787  0.0  0.1  48124  5860 pts/0    S+   15:42   0:00 /usr/bin/ssh -R 60037:localhost:22 vahid@128.227.150.22
scc      25789  0.0  0.0  14424  1040 pts/0    S+   15:42   0:00 grep ssh
scc      25790  0.0  0.0   7472   748 pts/0    S+   15:42   0:00 tee -a /data/annie-logs/autossh2.log
25787
