
############################ diana - 06/20/23 23:03:10 EST ############################

Disk Usage Before Git Garbage Collector:
/dev/sda1                           58G  476K   55G   1% /data
Working on: /data/ccre-test-data
Working on: /data/diana-logs
/dev/sda1                           58G  488K   55G   1% /data

############################ diana - 06/21/23 09:40:04 EST ############################

Disk Usage Before Git Garbage Collector:
/dev/sda1                           58G  652K   55G   1% /data
Working on: /data/ccre-test-data
Working on: /data/diana-logs
/dev/sda1                           58G  488K   55G   1% /data

############################ diana - 06/21/23 10:01:26 EST ############################

Disk Usage Before Git Garbage Collector:
/dev/sda1                           58G  584K   55G   1% /data
Working on: /data/ccre-test-data
Working on: /data/diana-logs
/dev/sda1                           58G  488K   55G   1% /data

############################ diana - 06/21/23 10:29:32 EST ############################

Disk Usage Before Git Garbage Collector:
/dev/sda1                           58G  624K   55G   1% /data
Working on: /data/ccre-test-data
Working on: /data/diana-logs
Disk Usage After Git Garbage Collector:
/dev/sda1                           58G  496K   55G   1% /data

############################ diana - 06/21/23 10:44:38 EST ############################

Disk Usage Before Git Garbage Collector:
/dev/sda1                           58G  592K   55G   1% /data
Working on: /data/ccre-test-data
Working on: /data/diana-logs
Disk Usage After Git Garbage Collector:
/dev/sda1                           58G  508K   55G   1% /data

############################ diana - 06/21/23 10:54:45 EST ############################

Disk Usage Before Git Garbage Collector:
/dev/sda1                           58G  616K   55G   1% /data
Working on: /data/ccre-test-data
Working on: /data/diana-logs
Disk Usage After Git Garbage Collector:
/dev/sda1                           58G  512K   55G   1% /data

############################ diana - 06/21/23 11:02:09 EST ############################

Disk Usage Before Git Garbage Collector:
/dev/sda1                           58G  608K   55G   1% /data
Working on: /data/ccre-test-data
Working on: /data/diana-logs
Disk Usage After Git Garbage Collector:
/dev/sda1                           58G  520K   55G   1% /data

############################ diana - 06/21/23 11:08:26 EST ############################

Disk Usage Before Git Garbage Collector:
/dev/sda1                           58G  612K   55G   1% /data
Working on: /data/ccre-test-data
Working on: /data/diana-logs
Disk Usage After Git Garbage Collector:
/dev/sda1                           58G  528K   55G   1% /data

############################ diana - 06/21/23 11:15:24 EST ############################

Disk Usage Before Git Garbage Collector:
/dev/sda1                           58G  620K   55G   1% /data
Working on: /data/ccre-test-data
Working on: /data/diana-logs
Disk Usage After Git Garbage Collector:
/dev/sda1                           58G  536K   55G   1% /data

############################ diana - 06/21/23 12:20:03 EST -0500 ############################

Disk Usage Before Git Garbage Collector:
/dev/sda1                           58G  636K   55G   1% /data
Working on: /data/ccre-test-data
Working on: /data/diana-logs
Disk Usage After Git Garbage Collector:
/dev/sda1                           58G  540K   55G   1% /data

############################ diana - 06/21/23 18:20:03 EST -0500 ############################

Disk Usage Before Git Garbage Collector:
/dev/sda1                           58G  664K   55G   1% /data
Working on: /data/ccre-test-data
Working on: /data/diana-logs
Disk Usage After Git Garbage Collector:
/dev/sda1                           58G  592K   55G   1% /data

############################ diana - 06/22/23 00:20:03 EST -0500 ############################

Disk Usage Before Git Garbage Collector:
/dev/sda1                           58G  700K   55G   1% /data
Working on: /data/ccre-test-data
Working on: /data/diana-logs
Disk Usage After Git Garbage Collector:
/dev/sda1                           58G  628K   55G   1% /data

############################ diana - 06/22/23 13:05:41 EST -0500 ############################

Disk Usage Before Git Garbage Collector:
/dev/sda1                           58G  932K   55G   1% /data
Working on: /data/bvre-test-data
Working on: /data/diana-logs
Disk Usage After Git Garbage Collector:
/dev/sda1                           58G  836K   55G   1% /data

############################ diana - 06/22/23 13:17:08 EST -0500 ############################

Disk Usage Before Git Garbage Collector:
/dev/sda1                           58G  940K   55G   1% /data
Working on: /data/bvre-test-data
Working on: /data/diana-logs
Disk Usage After Git Garbage Collector:
/dev/sda1                           58G  840K   55G   1% /data

############################ diana - 06/22/23 13:25:27 EST -0500 ############################

Disk Usage Before Git Garbage Collector:
/dev/sda1                           58G  940K   55G   1% /data
Working on: /data/bvre-test-data
Working on: /data/diana-logs
Disk Usage After Git Garbage Collector:
/dev/sda1                           58G  840K   55G   1% /data

############################ diana - 06/22/23 13:46:26 EST -0500 ############################

Disk Usage Before Git Garbage Collector:
/dev/sda1                           58G  944K   55G   1% /data
Working on: /data/bvre-test-data
Working on: /data/diana-logs
Disk Usage After Git Garbage Collector:
/dev/sda1                           58G  844K   55G   1% /data

############################ diana - 06/22/23 14:30:22 EST -0500 ############################

Disk Usage Before Git Garbage Collector:
/dev/sda1                           58G  956K   55G   1% /data
Working on: /data/bvre-test-data
Working on: /data/diana-logs
Disk Usage After Git Garbage Collector:
/dev/sda1                           58G  860K   55G   1% /data

############################ diana - 06/22/23 16:14:48 EST -0500 ############################

Disk Usage Before Git Garbage Collector:
/dev/sda1                           58G  980K   55G   1% /data
Working on: /data/ccre-test-data
Working on: /data/diana-logs
Disk Usage After Git Garbage Collector:
/dev/sda1                           58G  884K   55G   1% /data

############################ diana - 06/22/23 18:20:03 EST -0500 ############################

Disk Usage Before Git Garbage Collector:
/dev/sda1                           58G  976K   55G   1% /data
Working on: /data/ccre-test-data
Working on: /data/diana-logs
Disk Usage After Git Garbage Collector:
/dev/sda1                           58G  900K   55G   1% /data

############################ diana - 06/22/23 21:09:00 EST -0500 ############################

Disk Usage Before Git Garbage Collector:
/dev/sda1                           58G  1.0M   55G   1% /data
Working on: /data/ccre-test-data
Working on: /data/diana-logs
Disk Usage After Git Garbage Collector:
/dev/sda1                           58G  920K   55G   1% /data

############################ diana - 06/23/23 11:08:28 EST -0500 ############################

Disk Usage Before Git Garbage Collector:
/dev/sda1                           58G 1008K   55G   1% /data
Working on: /data/ccre-test-data
fatal: detected dubious ownership in repository at '/data/ccre-test-data'
To add an exception for this directory, call:

	git config --global --add safe.directory /data/ccre-test-data
Working on: /data/diana-logs
Disk Usage After Git Garbage Collector:
/dev/sda1                           58G  932K   55G   1% /data

############################ diana - 06/23/23 11:16:20 EST -0500 ############################

Disk Usage Before Git Garbage Collector:
/dev/sda1                           58G  800K   55G   1% /data
Working on: /data/ccre-test-data
Working on: /data/diana-logs
Disk Usage After Git Garbage Collector:
/dev/sda1                           58G  692K   55G   1% /data

############################ diana - 06/23/23 12:20:03 EST -0500 ############################

Disk Usage Before Git Garbage Collector:
/dev/sda1                           58G  780K   55G   1% /data
Working on: /data/ccre-test-data
Working on: /data/diana-logs
Disk Usage After Git Garbage Collector:
/dev/sda1                           58G  704K   55G   1% /data

############################ diana - 06/23/23 15:00:31 EST -0500 ############################

Disk Usage Before Git Garbage Collector:
/dev/sda1                           58G  824K   55G   1% /data
Working on: /data/ccre-test-data
Working on: /data/diana-logs
Disk Usage After Git Garbage Collector:
/dev/sda1                           58G  724K   55G   1% /data

############################ diana - 06/23/23 15:14:05 EST -0500 ############################

Disk Usage Before Git Garbage Collector:
/dev/sda1                           58G  832K   55G   1% /data
Working on: /data/ccre-test-data
Working on: /data/diana-logs
Disk Usage After Git Garbage Collector:
/dev/sda1                           58G  728K   55G   1% /data

############################ diana - 06/23/23 18:20:03 EST -0500 ############################

Disk Usage Before Git Garbage Collector:
/dev/sda1                           58G  820K   55G   1% /data
Working on: /data/ccre-test-data
Working on: /data/diana-logs
Disk Usage After Git Garbage Collector:
/dev/sda1                           58G  740K   55G   1% /data
