############################ annie - 03/04/21 19:34:35 EST ############################
/dev/sda1        59G   54M   56G   1% /data
/dev/sda1        59G   53M   56G   1% /data
############################ annie - 04/01/21 00:05:01 EST ############################
/dev/sda1        59G   57M   56G   1% /data
/dev/sda1        59G   55M   56G   1% /data
############################ annie - 05/01/21 00:05:02 EST ############################
/dev/sda1        59G  327M   56G   1% /data
/dev/sda1        59G   77M   56G   1% /data
############################ annie - 06/01/21 00:05:01 EST ############################
/dev/sda1        59G  816M   55G   2% /data
/dev/sda1        59G  102M   56G   1% /data
############################ annie - 06/26/21 00:32:13 EST ############################
/dev/sda1        59G 1015M   55G   2% /data
/dev/sda1        59G  122M   56G   1% /data
############################ annie - 06/30/21 08:07:43 EST ############################
/dev/sda1        59G  324M   56G   1% /data
/dev/sda1        59G  125M   56G   1% /data
############################ annie - 07/01/21 00:05:01 EST ############################
/dev/sda1        59G  167M   56G   1% /data
/dev/sda1        59G  125M   56G   1% /data
############################ annie - 08/01/21 00:05:01 EST ############################
/dev/sda1        59G  1.8G   54G   4% /data
/dev/sda1        59G  141M   56G   1% /data
############################ annie - 09/01/21 00:05:01 EST ############################
/dev/sda1        59G  2.3G   54G   5% /data
############################ annie - 10/01/21 00:05:01 EST ############################
/dev/sda1        59G  3.1G   53G   6% /data
############################ annie - 10/15/21 12:49:08 EST ############################
/dev/sda1        59G  2.5G   54G   5% /data
############################ annie - 10/15/21 12:54:10 EST ############################
/dev/sda1        59G  2.5G   54G   5% /data
error: repack died of signal 1
error: failed to run repack
/dev/sda1        59G  1.4G   55G   3% /data
############################ annie - 11/01/21 00:05:01 EST ############################
/dev/sda1        59G  3.0G   53G   6% /data
############################ annie - 12/01/21 00:05:01 EST ############################
/dev/sda1        59G  5.1G   51G  10% /data
############################ annie - 01/01/22 00:05:01 EST ############################
/dev/sda1        59G  9.0G   47G  17% /data
############################ annie - 02/01/22 00:05:01 EST ############################
/dev/sda1        59G   10G   46G  18% /data
############################ annie - 03/01/22 00:05:01 EST ############################
/dev/sda1        59G   15G   42G  26% /data
############################ annie - 04/01/22 00:05:01 EST ############################
/dev/sda1        59G   20G   37G  35% /data
############################ annie - 05/01/22 00:05:02 EST ############################
/dev/sda1        59G   25G   31G  45% /data
############################ annie - 06/01/22 00:05:01 EST ############################
/dev/sda1        59G   31G   25G  56% /data
############################ annie - 07/01/22 00:05:02 EST ############################
/dev/sda1        59G   33G   23G  60% /data
############################ annie - 08/01/22 00:05:01 EST ############################
/dev/sda1        59G   40G   16G  72% /data
############################ annie - 09/01/22 00:05:01 EST ############################
/dev/sda1        59G   48G  8.4G  85% /data
############################ annie - 10/01/22 00:05:02 EST ############################
/dev/sda1        59G   55G  814M  99% /data
############################ annie - 10/17/22 15:35:04 EST ############################
/dev/sda1        59G   56G   20M 100% /data
fatal: sha1 file '.git/objects/pack/tmp_pack_8rtRtc' write error: No space left on device
error: failed to run repack
fatal: unable to write new packed-refs: error closing file /data/annie-logs/.git/packed-refs.new: No space left on device
error: failed to run pack-refs
/dev/sda1        59G   56G  4.0K 100% /data
############################ annie - 10/27/22 13:39:04 EST ############################
/dev/sda1        59G  2.2G   54G   4% /data
/dev/sda1        59G  297M   56G   1% /data
############################ annie - 11/01/22 00:30:01 EST ############################
/dev/sda1        59G  1.5G   55G   3% /data
/dev/sda1        59G  282M   56G   1% /data
############################ annie - 11/15/22 00:30:01 EST ############################
/dev/sda1        59G  3.2G   53G   6% /data
/dev/sda1        59G  296M   56G   1% /data
############################ annie - 12/01/22 00:30:01 EST ############################
/dev/sda1        59G  3.1G   53G   6% /data
/dev/sda1        59G  354M   56G   1% /data
############################ annie - 12/15/22 00:30:01 EST ############################
/dev/sda1        59G  2.9G   53G   6% /data
/dev/sda1        59G  528M   55G   1% /data
############################ annie - 01/01/23 00:30:01 EST ############################
/dev/sda1        59G  3.6G   52G   7% /data
/dev/sda1        59G  767M   55G   2% /data
############################ annie - 01/15/23 00:30:01 EST ############################
/dev/sda1        59G  3.5G   53G   7% /data
/dev/sda1        59G  1.1G   55G   2% /data
############################ annie - 02/01/23 00:30:01 EST ############################
/dev/sda1        59G  4.4G   52G   8% /data
/dev/sda1        59G  1.4G   55G   3% /data
############################ annie - 02/15/23 00:30:02 EST ############################
/dev/sda1        59G  4.2G   52G   8% /data
/dev/sda1        59G  1.8G   54G   4% /data
############################ annie - 03/01/23 00:30:01 EST ############################
/dev/sda1        59G  4.7G   51G   9% /data
/dev/sda1        59G  2.2G   54G   4% /data
