
############################ annie - 02/07/21 15:25:46 EST ############################

Data:

fatal: not a git repository (or any of the parent directories): .git
fatal: not a git repository (or any of the parent directories): .git
fatal: not a git repository (or any of the parent directories): .git
fatal: not a git repository (or any of the parent directories): .git

Logs:

Already up to date.
[annie-logs 1b4c293] 02/07/21 15:25:46 EST: Logs
 4 files changed, 98 insertions(+)
 create mode 100644 autossh.log
 create mode 100644 git.log
 create mode 100644 monitor.log
 create mode 100644 ping-full.log
To github.com:FLARE-forecast/CCRE.git
   5e6ef37..1b4c293  annie-logs -> annie-logs
[annie-logs 0939fe9] 02/07/21 15:25:46 EST: Logs
 1 file changed, 8 insertions(+)
To github.com:FLARE-forecast/CCRE.git
   1b4c293..0939fe9  annie-logs -> annie-logs

############################ annie - 02/07/21 20:05:01 EST ############################

Data:

fatal: not a git repository (or any of the parent directories): .git
fatal: not a git repository (or any of the parent directories): .git
fatal: not a git repository (or any of the parent directories): .git
fatal: not a git repository (or any of the parent directories): .git

Logs:

Already up to date.
[annie-logs 8bd6c3e] 02/07/21 20:05:01 EST: Logs
 4 files changed, 825 insertions(+)
To github.com:FLARE-forecast/CCRE.git
   0939fe9..8bd6c3e  annie-logs -> annie-logs
