fatal: not a git repository (or any of the parent directories): .git
fatal: not a git repository (or any of the parent directories): .git
fatal: not a git repository (or any of the parent directories): .git
fatal: not a git repository (or any of the parent directories): .git
[main a4edf75] Tue Jun 20 15:07:08 EST 2023
 1 file changed, 1 insertion(+), 1 deletion(-)
Current branch main is up to date.
To github.com:vahid-dan/CCRE-data.git
   757b66d..a4edf75  main -> main
[main 997ab62] Tue Jun 20 22:56:05 EST 2023
 1 file changed, 1 insertion(+), 1 deletion(-)
Current branch main is up to date.
To github.com:vahid-dan/CCRE-data.git
   a4edf75..997ab62  main -> main
[main ae1bd24] Wed Jun 21 09:53:12 EST 2023
 1 file changed, 1 insertion(+), 1 deletion(-)
Current branch main is up to date.
To github.com:vahid-dan/CCRE-data.git
   997ab62..ae1bd24  main -> main
[main 5678ed6] Wed Jun 21 10:09:11 EST 2023
 1 file changed, 1 insertion(+), 1 deletion(-)
Current branch main is up to date.
To github.com:vahid-dan/CCRE-data.git
   ae1bd24..5678ed6  main -> main
[main afb25b6] Wed Jun 21 10:20:16 EST 2023
 1 file changed, 1 insertion(+), 1 deletion(-)
Current branch main is up to date.
To github.com:vahid-dan/CCRE-data.git
   5678ed6..afb25b6  main -> main
[main 18cdb5d] Wed Jun 21 10:21:01 EST 2023
 1 file changed, 1 insertion(+), 1 deletion(-)
Current branch main is up to date.
To github.com:vahid-dan/CCRE-data.git
   afb25b6..18cdb5d  main -> main
[main 14cd19a] Wed Jun 21 10:22:01 EST 2023
 1 file changed, 1 insertion(+), 1 deletion(-)
Current branch main is up to date.
To github.com:vahid-dan/CCRE-data.git
   18cdb5d..14cd19a  main -> main
[main 7efc4bd] Wed Jun 21 10:23:01 EST 2023
 1 file changed, 1 insertion(+), 1 deletion(-)
Current branch main is up to date.
To github.com:vahid-dan/CCRE-data.git
   14cd19a..7efc4bd  main -> main
[main 3d6dd2b] Wed Jun 21 10:24:01 EST 2023
 1 file changed, 1 insertion(+), 1 deletion(-)
Current branch main is up to date.
To github.com:vahid-dan/CCRE-data.git
   7efc4bd..3d6dd2b  main -> main
[main e76c9f1] Wed Jun 21 10:28:01 EST 2023
 1 file changed, 1 insertion(+), 1 deletion(-)
Current branch main is up to date.
To github.com:vahid-dan/CCRE-data.git
   3d6dd2b..e76c9f1  main -> main
[main 6f7a660] Wed Jun 21 10:28:30 EST 2023
 1 file changed, 1 insertion(+), 1 deletion(-)
Current branch main is up to date.
To github.com:vahid-dan/CCRE-data.git
   e76c9f1..6f7a660  main -> main
[main 4255a2a] Wed Jun 21 10:29:01 EST 2023
 1 file changed, 1 insertion(+), 1 deletion(-)
Current branch main is up to date.
To github.com:vahid-dan/CCRE-data.git
   6f7a660..4255a2a  main -> main
[main 09424d4] Wed Jun 21 10:30:01 EST 2023
 1 file changed, 1 insertion(+), 1 deletion(-)
Current branch main is up to date.
To github.com:vahid-dan/CCRE-data.git
   4255a2a..09424d4  main -> main
[main 3ade682] Wed Jun 21 10:31:01 EST 2023
 1 file changed, 1 insertion(+), 1 deletion(-)
Current branch main is up to date.
To github.com:vahid-dan/CCRE-data.git
   09424d4..3ade682  main -> main
[main 1f52013] Wed Jun 21 10:32:02 EST 2023
 1 file changed, 1 insertion(+), 1 deletion(-)
Current branch main is up to date.
To github.com:vahid-dan/CCRE-data.git
   3ade682..1f52013  main -> main
[main 7655701] Wed Jun 21 10:43:36 EST 2023
 1 file changed, 1 insertion(+), 1 deletion(-)
Current branch main is up to date.
To github.com:vahid-dan/CCRE-data.git
   1f52013..7655701  main -> main
[main 882b6f9] Wed Jun 21 10:53:44 EST 2023
 1 file changed, 1 insertion(+), 1 deletion(-)
Current branch main is up to date.
To github.com:vahid-dan/CCRE-data.git
   7655701..882b6f9  main -> main
[main c8b8268] Wed Jun 21 11:01:07 EST 2023
 1 file changed, 1 insertion(+), 1 deletion(-)
Current branch main is up to date.
To github.com:vahid-dan/CCRE-data.git
   882b6f9..c8b8268  main -> main
[main c6e5ce5] Wed Jun 21 11:07:24 EST 2023
 1 file changed, 1 insertion(+), 1 deletion(-)
Current branch main is up to date.
To github.com:vahid-dan/CCRE-data.git
   c8b8268..c6e5ce5  main -> main
[main e62796e] Wed Jun 21 11:14:22 EST 2023
 1 file changed, 1 insertion(+), 1 deletion(-)
Current branch main is up to date.
To github.com:vahid-dan/CCRE-data.git
   c6e5ce5..e62796e  main -> main
[main 27bdbcb] Wed Jun 21 11:51:55 EST 2023
 1 file changed, 1 insertion(+), 1 deletion(-)
Current branch main is up to date.
To github.com:vahid-dan/CCRE-data.git
   e62796e..27bdbcb  main -> main
[main 442934c] Thu Jun 22 13:04:39 EST 2023
 1 file changed, 1 insertion(+), 1 deletion(-)
Current branch main is up to date.
To github.com:vahid-dan/CCRE-data.git
   1db4503..442934c  main -> main
[main 7e1e2ff] Thu Jun 22 13:16:06 EST 2023
 1 file changed, 1 insertion(+), 1 deletion(-)
Current branch main is up to date.
To github.com:vahid-dan/CCRE-data.git
   442934c..7e1e2ff  main -> main
[main 45a8c65] Thu Jun 22 13:24:26 EST 2023
 1 file changed, 1 insertion(+), 1 deletion(-)
Current branch main is up to date.
To github.com:vahid-dan/CCRE-data.git
   7e1e2ff..45a8c65  main -> main
[main 5be7593] Thu Jun 22 13:45:25 EST 2023
 1 file changed, 1 insertion(+), 1 deletion(-)
Current branch main is up to date.
To github.com:vahid-dan/CCRE-data.git
   45a8c65..5be7593  main -> main
[main 0aea4ab] Thu Jun 22 14:29:20 EST 2023
 1 file changed, 1 insertion(+), 1 deletion(-)
Current branch main is up to date.
To github.com:vahid-dan/CCRE-data.git
   5be7593..0aea4ab  main -> main
[main 18daa5a] Thu Jun 22 16:13:46 EST 2023
 1 file changed, 1 insertion(+), 1 deletion(-)
Current branch main is up to date.
To github.com:vahid-dan/CCRE-data.git
   0aea4ab..18daa5a  main -> main
