fatal: not a git repository (or any of the parent directories): .git
fatal: not a git repository (or any of the parent directories): .git
fatal: not a git repository (or any of the parent directories): .git
fatal: not a git repository (or any of the parent directories): .git
[main 821b73b] Thu Mar  4 19:06:07 EST 2021
 1 file changed, 1 insertion(+)
 create mode 100644 annie
Current branch main is up to date.
To github.com:FLARE-forecast/CCRE-data.git
   5e6ef37..821b73b  main -> main
[main c39a556] Mon Mar 29 15:56:36 EST 2021
 1 file changed, 1 insertion(+), 1 deletion(-)
Current branch main is up to date.
To github.com:FLARE-forecast/CCRE-data.git
   821b73b..c39a556  main -> main
[main a33b7e7] Mon Mar 29 16:18:35 EST 2021
 1 file changed, 1 insertion(+), 1 deletion(-)
Current branch main is up to date.
To github.com:FLARE-forecast/CCRE-data.git
   c39a556..a33b7e7  main -> main
[main ba5703c] Tue Mar 30 00:20:07 EST 2021
 1 file changed, 1 insertion(+), 1 deletion(-)
Current branch main is up to date.
To github.com:FLARE-forecast/CCRE-data.git
   a33b7e7..ba5703c  main -> main
[main 08abd0b] Wed Mar 31 00:20:08 EST 2021
 1 file changed, 1 insertion(+), 1 deletion(-)
Current branch main is up to date.
To github.com:FLARE-forecast/CCRE-data.git
   ba5703c..08abd0b  main -> main
[main c5d77f2] Thu Apr  1 00:20:10 EST 2021
 1 file changed, 1 insertion(+), 1 deletion(-)
Current branch main is up to date.
To github.com:FLARE-forecast/CCRE-data.git
   08abd0b..c5d77f2  main -> main
[main 330f28a] Fri Apr  2 00:20:09 EST 2021
 1 file changed, 1 insertion(+), 1 deletion(-)
Current branch main is up to date.
To github.com:FLARE-forecast/CCRE-data.git
   c5d77f2..330f28a  main -> main
